<?xml version="1.0" encoding="UTF-8"?>
<!-- Generated by org.testng.reporters.JUnitReportReporter -->
<testsuite hostname="NIS-PK371" name="api.ApiTesting" tests="2" failures="0" timestamp="5 Jun 2022 23:03:28 GMT" time="141.169" errors="0">
  <testcase name="get_Currencies" time="1.799" classname="api.ApiTesting"/>
  <testcase name="get_Currencies_Difference" time="139.370" classname="api.ApiTesting"/>
</testsuite> <!-- api.ApiTesting -->
